This is pdfTeX, Version 3.1415926-2.3-1.40.12 (MiKTeX 2.9) (preloaded format=pdflatex 2015.8.26)  3 DEC 2016 17:46
entering extended mode
**E:/latex-ppt/ssci/ssci_ppt.tex
(E:/latex-ppt/ssci/ssci_ppt.tex
LaTeX2e <2011/06/27>
Babel <v3.8m> and hyphenation patterns for loaded.
(C:\CTEX\MiKTeX\tex\latex\beamer\base\beamer.cls
(C:\CTEX\MiKTeX\tex\latex\beamer\base\beamerbasercs.sty
Package: beamerbasercs 2012/02/22 (rcs-revision 46e1bc9c9b76)
)
Document Class: beamer 2011/09/12 development version 3.14 A class for typesett
ing presentations (rcs-revision 70f9d8411e54)
(C:\CTEX\MiKTeX\tex\latex\beamer\base\beamerbasemodes.sty
Package: beamerbasemodes 2010/05/01 (rcs-revision efa082c6111d)
\beamer@tempbox=\box26
\beamer@tempcount=\count79
\c@beamerpauses=\count80

(C:\CTEX\MiKTeX\tex\latex\beamer\base\beamerbasedecode.sty
Package: beamerbasedecode 2010/05/01 (rcs-revision efa082c6111d)
\beamer@slideinframe=\count81
\beamer@minimum=\count82
)
\beamer@commentbox=\box27
\beamer@modecount=\count83
)
(C:\CTEX\MiKTeX\tex\generic\oberdiek\ifpdf.sty
Package: ifpdf 2011/01/30 v2.3 Provides the ifpdf switch (HO)
Package ifpdf Info: pdfTeX in PDF mode is detected.
)
\headheight=\dimen102
\headdp=\dimen103
\footheight=\dimen104
\sidebarheight=\dimen105
\beamer@tempdim=\dimen106
\beamer@finalheight=\dimen107
\beamer@animht=\dimen108
\beamer@animdp=\dimen109
\beamer@animwd=\dimen110
\beamer@leftmargin=\dimen111
\beamer@rightmargin=\dimen112
\beamer@leftsidebar=\dimen113
\beamer@rightsidebar=\dimen114
\beamer@boxsize=\dimen115
\beamer@vboxoffset=\dimen116
\beamer@descdefault=\dimen117
\beamer@descriptionwidth=\dimen118
\beamer@lastskip=\skip41
\beamer@areabox=\box28
\beamer@animcurrent=\box29
\beamer@animshowbox=\box30
\beamer@sectionbox=\box31
\beamer@logobox=\box32
\beamer@linebox=\box33
\beamer@sectioncount=\count84
\beamer@subsubsectionmax=\count85
\beamer@subsectionmax=\count86
\beamer@sectionmax=\count87
\beamer@totalheads=\count88
\beamer@headcounter=\count89
\beamer@partstartpage=\count90
\beamer@sectionstartpage=\count91
\beamer@subsectionstartpage=\count92
\beamer@animationtempa=\count93
\beamer@animationtempb=\count94
\beamer@xpos=\count95
\beamer@ypos=\count96
\beamer@showpartnumber=\count97
\beamer@currentsubsection=\count98
\beamer@coveringdepth=\count99
\beamer@sectionadjust=\count100
\beamer@tocsectionnumber=\count101

(C:\CTEX\MiKTeX\tex\latex\beamer\base\beamerbaseoptions.sty
Package: beamerbaseoptions 2010/04/27 (rcs-revision 982469101dd6)

(C:\CTEX\MiKTeX\tex\latex\graphics\keyval.sty
Package: keyval 1999/03/16 v1.13 key=value parser (DPC)
\KV@toks@=\toks14
))
\beamer@paperwidth=\skip42
\beamer@paperheight=\skip43

(C:\CTEX\MiKTeX\tex\latex\geometry\geometry.sty
Package: geometry 2010/09/12 v5.6 Page Geometry

(C:\CTEX\MiKTeX\tex\generic\oberdiek\ifvtex.sty
Package: ifvtex 2010/03/01 v1.5 Switches for detecting VTeX and its modes (HO)
Package ifvtex Info: VTeX not detected.
)
(C:\CTEX\MiKTeX\tex\generic\ifxetex\ifxetex.sty
Package: ifxetex 2010/09/12 v0.6 Provides ifxetex conditional
)
\Gm@cnth=\count102
\Gm@cntv=\count103
\c@Gm@tempcnt=\count104
\Gm@bindingoffset=\dimen119
\Gm@wd@mp=\dimen120
\Gm@odd@mp=\dimen121
\Gm@even@mp=\dimen122
\Gm@layoutwidth=\dimen123
\Gm@layoutheight=\dimen124
\Gm@layouthoffset=\dimen125
\Gm@layoutvoffset=\dimen126
\Gm@dimlist=\toks15

(C:\CTEX\MiKTeX\tex\latex\geometry\geometry.cfg))
(C:\CTEX\MiKTeX\tex\latex\base\size11.clo
File: size11.clo 2007/10/19 v1.4h Standard LaTeX file (size option)
)
(C:\CTEX\MiKTeX\tex\latex\pgf\basiclayer\pgfcore.sty
(C:\CTEX\MiKTeX\tex\latex\graphics\graphicx.sty
Package: graphicx 1999/02/16 v1.0f Enhanced LaTeX Graphics (DPC,SPQR)

(C:\CTEX\MiKTeX\tex\latex\graphics\graphics.sty
Package: graphics 2009/02/05 v1.0o Standard LaTeX Graphics (DPC,SPQR)

(C:\CTEX\MiKTeX\tex\latex\graphics\trig.sty
Package: trig 1999/03/16 v1.09 sin cos tan (DPC)
)
(C:\CTEX\MiKTeX\tex\latex\00miktex\graphics.cfg
File: graphics.cfg 2007/01/18 v1.5 graphics configuration of teTeX/TeXLive
)
Package graphics Info: Driver file: pdftex.def on input line 91.

(C:\CTEX\MiKTeX\tex\latex\pdftex-def\pdftex.def
File: pdftex.def 2011/05/27 v0.06d Graphics/color for pdfTeX

(C:\CTEX\MiKTeX\tex\generic\oberdiek\infwarerr.sty
Package: infwarerr 2010/04/08 v1.3 Providing info/warning/message (HO)
)
(C:\CTEX\MiKTeX\tex\generic\oberdiek\ltxcmds.sty
Package: ltxcmds 2011/04/18 v1.20 LaTeX kernel commands for general use (HO)
)
\Gread@gobject=\count105
))
\Gin@req@height=\dimen127
\Gin@req@width=\dimen128
)
(C:\CTEX\MiKTeX\tex\latex\pgf\systemlayer\pgfsys.sty
(C:\CTEX\MiKTeX\tex\latex\pgf\utilities\pgfrcs.sty
(C:\CTEX\MiKTeX\tex\generic\pgf\utilities\pgfutil-common.tex
\pgfutil@everybye=\toks16
)
(C:\CTEX\MiKTeX\tex\generic\pgf\utilities\pgfutil-latex.def
\pgfutil@abb=\box34

(C:\CTEX\MiKTeX\tex\latex\ms\everyshi.sty
Package: everyshi 2001/05/15 v3.00 EveryShipout Package (MS)
))
(C:\CTEX\MiKTeX\tex\generic\pgf\utilities\pgfrcs.code.tex
Package: pgfrcs 2010/10/25 v2.10 (rcs-revision 1.24)
))
(C:\CTEX\MiKTeX\tex\generic\pgf\systemlayer\pgfsys.code.tex
Package: pgfsys 2010/06/30 v2.10 (rcs-revision 1.37)

(C:\CTEX\MiKTeX\tex\generic\pgf\utilities\pgfkeys.code.tex
\pgfkeys@pathtoks=\toks17
\pgfkeys@temptoks=\toks18

(C:\CTEX\MiKTeX\tex\generic\pgf\utilities\pgfkeysfiltered.code.tex
\pgfkeys@tmptoks=\toks19
))
\pgf@x=\dimen129
\pgf@y=\dimen130
\pgf@xa=\dimen131
\pgf@ya=\dimen132
\pgf@xb=\dimen133
\pgf@yb=\dimen134
\pgf@xc=\dimen135
\pgf@yc=\dimen136
\w@pgf@writea=\write3
\r@pgf@reada=\read1
\c@pgf@counta=\count106
\c@pgf@countb=\count107
\c@pgf@countc=\count108
\c@pgf@countd=\count109

(C:\CTEX\MiKTeX\tex\generic\pgf\systemlayer\pgf.cfg
File: pgf.cfg 2008/05/14  (rcs-revision 1.7)
)
Package pgfsys Info: Driver file for pgf: pgfsys-pdftex.def on input line 900.

(C:\CTEX\MiKTeX\tex\generic\pgf\systemlayer\pgfsys-pdftex.def
File: pgfsys-pdftex.def 2009/05/22  (rcs-revision 1.26)

(C:\CTEX\MiKTeX\tex\generic\pgf\systemlayer\pgfsys-common-pdf.def
File: pgfsys-common-pdf.def 2008/05/19  (rcs-revision 1.10)
)))
(C:\CTEX\MiKTeX\tex\generic\pgf\systemlayer\pgfsyssoftpath.code.tex
File: pgfsyssoftpath.code.tex 2008/07/18  (rcs-revision 1.7)
\pgfsyssoftpath@smallbuffer@items=\count110
\pgfsyssoftpath@bigbuffer@items=\count111
)
(C:\CTEX\MiKTeX\tex\generic\pgf\systemlayer\pgfsysprotocol.code.tex
File: pgfsysprotocol.code.tex 2006/10/16  (rcs-revision 1.4)
))
(C:\CTEX\MiKTeX\tex\latex\xcolor\xcolor.sty
Package: xcolor 2007/01/21 v2.11 LaTeX color extensions (UK)

(C:\CTEX\MiKTeX\tex\latex\00miktex\color.cfg
File: color.cfg 2007/01/18 v1.5 color configuration of teTeX/TeXLive
)
Package xcolor Info: Driver file: pdftex.def on input line 225.
Package xcolor Info: Model `cmy' substituted by `cmy0' on input line 1337.
Package xcolor Info: Model `hsb' substituted by `rgb' on input line 1341.
Package xcolor Info: Model `RGB' extended on input line 1353.
Package xcolor Info: Model `HTML' substituted by `rgb' on input line 1355.
Package xcolor Info: Model `Hsb' substituted by `hsb' on input line 1356.
Package xcolor Info: Model `tHsb' substituted by `hsb' on input line 1357.
Package xcolor Info: Model `HSB' substituted by `hsb' on input line 1358.
Package xcolor Info: Model `Gray' substituted by `gray' on input line 1359.
Package xcolor Info: Model `wave' substituted by `hsb' on input line 1360.

(C:\CTEX\MiKTeX\tex\latex\graphics\dvipsnam.def
File: dvipsnam.def 1999/02/16 v3.0i Driver-dependant file (DPC,SPQR)
))
(C:\CTEX\MiKTeX\tex\generic\pgf\basiclayer\pgfcore.code.tex
Package: pgfcore 2010/04/11 v2.10 (rcs-revision 1.7)

(C:\CTEX\MiKTeX\tex\generic\pgf\math\pgfmath.code.tex
(C:\CTEX\MiKTeX\tex\generic\pgf\math\pgfmathcalc.code.tex
(C:\CTEX\MiKTeX\tex\generic\pgf\math\pgfmathutil.code.tex)
(C:\CTEX\MiKTeX\tex\generic\pgf\math\pgfmathparser.code.tex
\pgfmath@dimen=\dimen137
\pgfmath@count=\count112
\pgfmath@box=\box35
\pgfmath@toks=\toks20
\pgfmath@stack@operand=\toks21
\pgfmath@stack@operation=\toks22
)
(C:\CTEX\MiKTeX\tex\generic\pgf\math\pgfmathfunctions.code.tex
(C:\CTEX\MiKTeX\tex\generic\pgf\math\pgfmathfunctions.basic.code.tex)
(C:\CTEX\MiKTeX\tex\generic\pgf\math\pgfmathfunctions.trigonometric.code.tex)
(C:\CTEX\MiKTeX\tex\generic\pgf\math\pgfmathfunctions.random.code.tex)
(C:\CTEX\MiKTeX\tex\generic\pgf\math\pgfmathfunctions.comparison.code.tex)
(C:\CTEX\MiKTeX\tex\generic\pgf\math\pgfmathfunctions.base.code.tex)
(C:\CTEX\MiKTeX\tex\generic\pgf\math\pgfmathfunctions.round.code.tex)
(C:\CTEX\MiKTeX\tex\generic\pgf\math\pgfmathfunctions.misc.code.tex)))
(C:\CTEX\MiKTeX\tex\generic\pgf\math\pgfmathfloat.code.tex
\c@pgfmathroundto@lastzeros=\count113
))
(C:\CTEX\MiKTeX\tex\generic\pgf\basiclayer\pgfcorepoints.code.tex
File: pgfcorepoints.code.tex 2010/04/09  (rcs-revision 1.20)
\pgf@picminx=\dimen138
\pgf@picmaxx=\dimen139
\pgf@picminy=\dimen140
\pgf@picmaxy=\dimen141
\pgf@pathminx=\dimen142
\pgf@pathmaxx=\dimen143
\pgf@pathminy=\dimen144
\pgf@pathmaxy=\dimen145
\pgf@xx=\dimen146
\pgf@xy=\dimen147
\pgf@yx=\dimen148
\pgf@yy=\dimen149
\pgf@zx=\dimen150
\pgf@zy=\dimen151
)
(C:\CTEX\MiKTeX\tex\generic\pgf\basiclayer\pgfcorepathconstruct.code.tex
File: pgfcorepathconstruct.code.tex 2010/08/03  (rcs-revision 1.24)
\pgf@path@lastx=\dimen152
\pgf@path@lasty=\dimen153
)
(C:\CTEX\MiKTeX\tex\generic\pgf\basiclayer\pgfcorepathusage.code.tex
File: pgfcorepathusage.code.tex 2008/04/22  (rcs-revision 1.12)
\pgf@shorten@end@additional=\dimen154
\pgf@shorten@start@additional=\dimen155
)
(C:\CTEX\MiKTeX\tex\generic\pgf\basiclayer\pgfcorescopes.code.tex
File: pgfcorescopes.code.tex 2010/09/08  (rcs-revision 1.34)
\pgfpic=\box36
\pgf@hbox=\box37
\pgf@layerbox@main=\box38
\pgf@picture@serial@count=\count114
)
(C:\CTEX\MiKTeX\tex\generic\pgf\basiclayer\pgfcoregraphicstate.code.tex
File: pgfcoregraphicstate.code.tex 2008/04/22  (rcs-revision 1.9)
\pgflinewidth=\dimen156
)
(C:\CTEX\MiKTeX\tex\generic\pgf\basiclayer\pgfcoretransformations.code.tex
File: pgfcoretransformations.code.tex 2009/06/10  (rcs-revision 1.11)
\pgf@pt@x=\dimen157
\pgf@pt@y=\dimen158
\pgf@pt@temp=\dimen159
)
(C:\CTEX\MiKTeX\tex\generic\pgf\basiclayer\pgfcorequick.code.tex
File: pgfcorequick.code.tex 2008/10/09  (rcs-revision 1.3)
)
(C:\CTEX\MiKTeX\tex\generic\pgf\basiclayer\pgfcoreobjects.code.tex
File: pgfcoreobjects.code.tex 2006/10/11  (rcs-revision 1.2)
)
(C:\CTEX\MiKTeX\tex\generic\pgf\basiclayer\pgfcorepathprocessing.code.tex
File: pgfcorepathprocessing.code.tex 2008/10/09  (rcs-revision 1.8)
)
(C:\CTEX\MiKTeX\tex\generic\pgf\basiclayer\pgfcorearrows.code.tex
File: pgfcorearrows.code.tex 2008/04/23  (rcs-revision 1.11)
)
(C:\CTEX\MiKTeX\tex\generic\pgf\basiclayer\pgfcoreshade.code.tex
File: pgfcoreshade.code.tex 2008/11/23  (rcs-revision 1.13)
\pgf@max=\dimen160
\pgf@sys@shading@range@num=\count115
)
(C:\CTEX\MiKTeX\tex\generic\pgf\basiclayer\pgfcoreimage.code.tex
File: pgfcoreimage.code.tex 2010/03/25  (rcs-revision 1.16)

(C:\CTEX\MiKTeX\tex\generic\pgf\basiclayer\pgfcoreexternal.code.tex
File: pgfcoreexternal.code.tex 2010/09/01  (rcs-revision 1.17)
\pgfexternal@startupbox=\box39
))
(C:\CTEX\MiKTeX\tex\generic\pgf\basiclayer\pgfcorelayers.code.tex
File: pgfcorelayers.code.tex 2010/08/27  (rcs-revision 1.2)
)
(C:\CTEX\MiKTeX\tex\generic\pgf\basiclayer\pgfcoretransparency.code.tex
File: pgfcoretransparency.code.tex 2008/01/17  (rcs-revision 1.2)
)
(C:\CTEX\MiKTeX\tex\generic\pgf\basiclayer\pgfcorepatterns.code.tex
File: pgfcorepatterns.code.tex 2009/07/02  (rcs-revision 1.3)
)))
(C:\CTEX\MiKTeX\tex\latex\pgf\utilities\xxcolor.sty
Package: xxcolor 2003/10/24 ver 0.1
\XC@nummixins=\count116
\XC@countmixins=\count117
)
(C:\CTEX\MiKTeX\tex\latex\hyperref\hyperref.sty
Package: hyperref 2012/02/06 v6.82o Hypertext links for LaTeX

(C:\CTEX\MiKTeX\tex\generic\oberdiek\hobsub-hyperref.sty
Package: hobsub-hyperref 2011/04/23 v1.4 Bundle oberdiek, subset hyperref (HO)

(C:\CTEX\MiKTeX\tex\generic\oberdiek\hobsub-generic.sty
Package: hobsub-generic 2011/04/23 v1.4 Bundle oberdiek, subset generic (HO)
Package: hobsub 2011/04/23 v1.4 Subsetting bundle oberdiek (HO)
Package hobsub Info: Skipping package `infwarerr' (already loaded).
Package hobsub Info: Skipping package `ltxcmds' (already loaded).
Package: ifluatex 2010/03/01 v1.3 Provides the ifluatex switch (HO)
Package ifluatex Info: LuaTeX not detected.
Package hobsub Info: Skipping package `ifvtex' (already loaded).
Package: intcalc 2007/09/27 v1.1 Expandable integer calculations (HO)
Package hobsub Info: Skipping package `ifpdf' (already loaded).
Package: etexcmds 2011/02/16 v1.5 Prefix for e-TeX command names (HO)
Package etexcmds Info: Could not find \expanded.
(etexcmds)             That can mean that you are not using pdfTeX 1.50 or
(etexcmds)             that some package has redefined \expanded.
(etexcmds)             In the latter case, load this package earlier.
Package: kvsetkeys 2011/04/07 v1.13 Key value parser (HO)
Package: kvdefinekeys 2011/04/07 v1.3 Defining keys (HO)
Package: pdftexcmds 2011/04/22 v0.16 Utilities of pdfTeX for LuaTeX (HO)
Package pdftexcmds Info: LuaTeX not detected.
Package pdftexcmds Info: \pdf@primitive is available.
Package pdftexcmds Info: \pdf@ifprimitive is available.
Package pdftexcmds Info: \pdfdraftmode found.
Package: pdfescape 2011/04/04 v1.12 Provides string conversions (HO)
Package: bigintcalc 2011/01/30 v1.2 Expandable big integer calculations (HO)
Package: bitset 2011/01/30 v1.1 Data type bit set (HO)
Package: uniquecounter 2011/01/30 v1.2 Provides unlimited unique counter (HO)
)
Package hobsub Info: Skipping package `hobsub' (already loaded).
Package: letltxmacro 2010/09/02 v1.4 Let assignment for LaTeX macros (HO)
Package: hopatch 2011/01/30 v1.0 Wrapper for package hooks (HO)
Package: xcolor-patch 2011/01/30 xcolor patch
Package: atveryend 2011/04/23 v1.7 Hooks at very end of document (HO)
Package: atbegshi 2011/01/30 v1.15 At begin shipout hook (HO)
Package: refcount 2010/12/01 v3.2 Data extraction from references (HO)
Package: hycolor 2011/01/30 v1.7 Color options of hyperref/bookmark (HO)
)
(C:\CTEX\MiKTeX\tex\latex\oberdiek\kvoptions.sty
Package: kvoptions 2010/12/23 v3.10 Keyval support for LaTeX options (HO)
)
\@linkdim=\dimen161
\Hy@linkcounter=\count118
\Hy@pagecounter=\count119

(C:\CTEX\MiKTeX\tex\latex\hyperref\pd1enc.def
File: pd1enc.def 2012/02/06 v6.82o Hyperref: PDFDocEncoding definition (HO)
)
\Hy@SavedSpaceFactor=\count120

(C:\CTEX\MiKTeX\tex\latex\00miktex\hyperref.cfg
File: hyperref.cfg 2002/06/06 v1.2 hyperref configuration of TeXLive
)
Package hyperref Info: Option `bookmarks' set `true' on input line 3925.
Package hyperref Info: Option `bookmarksopen' set `true' on input line 3925.
Package hyperref Info: Option `implicit' set `false' on input line 3925.
Package hyperref Info: Hyper figures OFF on input line 4046.
Package hyperref Info: Link nesting OFF on input line 4051.
Package hyperref Info: Hyper index ON on input line 4054.
Package hyperref Info: Plain pages OFF on input line 4061.
Package hyperref Info: Backreferencing OFF on input line 4066.
Package hyperref Info: Implicit mode OFF; no redefinition of LaTeX internals.
Package hyperref Info: Bookmarks ON on input line 4284.
\c@Hy@tempcnt=\count121

(C:\CTEX\MiKTeX\tex\latex\ltxmisc\url.sty
\Urlmuskip=\muskip10
Package: url 2006/04/12  ver 3.3  Verb mode for urls, etc.
)
LaTeX Info: Redefining \url on input line 4637.
\Fld@menulength=\count122
\Field@Width=\dimen162
\Fld@charsize=\dimen163
Package hyperref Info: Hyper figures OFF on input line 5757.
Package hyperref Info: Link nesting OFF on input line 5762.
Package hyperref Info: Hyper index ON on input line 5765.
Package hyperref Info: backreferencing OFF on input line 5772.
Package hyperref Info: Link coloring OFF on input line 5777.
Package hyperref Info: Link coloring with OCG OFF on input line 5782.
Package hyperref Info: PDF/A mode OFF on input line 5787.
LaTeX Info: Redefining \ref on input line 5827.
LaTeX Info: Redefining \pageref on input line 5831.
\Hy@abspage=\count123


Package hyperref Message: Stopped early.

)

Package hyperref Message: Driver (autodetected): hpdftex.

(C:\CTEX\MiKTeX\tex\latex\hyperref\hpdftex.def
File: hpdftex.def 2012/02/06 v6.82o Hyperref driver for pdfTeX
\Fld@listcount=\count124
\c@bookmark@seq@number=\count125

(C:\CTEX\MiKTeX\tex\latex\oberdiek\rerunfilecheck.sty
Package: rerunfilecheck 2011/04/15 v1.7 Rerun checks for auxiliary files (HO)
Package uniquecounter Info: New unique counter `rerunfilecheck' on input line 2
82.
))
(C:\CTEX\MiKTeX\tex\latex\beamer\base\beamerbaserequires.sty
Package: beamerbaserequires 2010/05/01  (rcs-revision efa082c6111d)

(C:\CTEX\MiKTeX\tex\latex\beamer\base\beamerbasecompatibility.sty
Package: beamerbasecompatibility 2011/09/24  (rcs-revision 17e820568435)
)
(C:\CTEX\MiKTeX\tex\latex\beamer\base\beamerbasefont.sty
Package: beamerbasefont 2010/10/26  (rcs-revision f39336aafb3c)

(C:\CTEX\MiKTeX\tex\latex\amsfonts\amssymb.sty
Package: amssymb 2009/06/22 v3.00

(C:\CTEX\MiKTeX\tex\latex\amsfonts\amsfonts.sty
Package: amsfonts 2009/06/22 v3.00 Basic AMSFonts support
\@emptytoks=\toks23
\symAMSa=\mathgroup4
\symAMSb=\mathgroup5
LaTeX Font Info:    Overwriting math alphabet `\mathfrak' in version `bold'
(Font)                  U/euf/m/n --> U/euf/b/n on input line 96.
)))
(C:\CTEX\MiKTeX\tex\latex\beamer\base\beamerbasetranslator.sty
Package: beamerbasetranslator 2010/06/11  (rcs-revision 85fd1cc7fc42)

(C:\CTEX\MiKTeX\tex\latex\beamer\base\translator\translator.sty
Package: translator 2010/06/12 ver 1.10

(C:\CTEX\MiKTeX\tex\latex\beamer\base\translator\translator-language-mappings.t
ex))) (C:\CTEX\MiKTeX\tex\latex\beamer\base\beamerbasemisc.sty
Package: beamerbasemisc 2012/02/24  (rcs-revision 2ff5461be705)
)
(C:\CTEX\MiKTeX\tex\latex\beamer\base\beamerbasetwoscreens.sty
Package: beamerbasetwoscreens 2010/05/01  (rcs-revision efa082c6111d)
)
(C:\CTEX\MiKTeX\tex\latex\beamer\base\beamerbaseoverlay.sty
Package: beamerbaseoverlay 2012/02/22  (rcs-revision 1e3e174835fb)
\beamer@argscount=\count126
\beamer@lastskipcover=\skip44
\beamer@trivlistdepth=\count127
)
(C:\CTEX\MiKTeX\tex\latex\beamer\base\beamerbasetitle.sty
Package: beamerbasetitle 2010/09/21  (rcs-revision f0446ed0b6ae)
)
(C:\CTEX\MiKTeX\tex\latex\beamer\base\beamerbasesection.sty
Package: beamerbasesection 2012/02/22  (rcs-revision 9a2581f9efb6)
\c@lecture=\count128
\c@part=\count129
\c@section=\count130
\c@subsection=\count131
\c@subsubsection=\count132
)
(C:\CTEX\MiKTeX\tex\latex\beamer\base\beamerbaseframe.sty
Package: beamerbaseframe 2011/09/12  (rcs-revision 70f9d8411e54)
\beamer@framebox=\box40
\beamer@frametitlebox=\box41
\beamer@zoombox=\box42
\beamer@zoomcount=\count133
\beamer@zoomframecount=\count134
\beamer@frametextheight=\dimen164
\c@subsectionslide=\count135
\beamer@frametopskip=\skip45
\beamer@framebottomskip=\skip46
\beamer@frametopskipautobreak=\skip47
\beamer@framebottomskipautobreak=\skip48
\beamer@envbody=\toks24
\c@framenumber=\count136
)
(C:\CTEX\MiKTeX\tex\latex\beamer\base\beamerbaseverbatim.sty
Package: beamerbaseverbatim 2011/09/12  (rcs-revision 70f9d8411e54)
\beamer@verbatimfileout=\write4
)
(C:\CTEX\MiKTeX\tex\latex\beamer\base\beamerbaseframesize.sty
Package: beamerbaseframesize 2011/09/12  (rcs-revision 70f9d8411e54)
\beamer@splitbox=\box43
\beamer@autobreakcount=\count137
\beamer@autobreaklastheight=\dimen165
\beamer@frametitletoks=\toks25
\beamer@framesubtitletoks=\toks26
)
(C:\CTEX\MiKTeX\tex\latex\beamer\base\beamerbaseframecomponents.sty
Package: beamerbaseframecomponents 2011/09/12  (rcs-revision 70f9d8411e54)
\beamer@footins=\box44
)
(C:\CTEX\MiKTeX\tex\latex\beamer\base\beamerbasecolor.sty
Package: beamerbasecolor 2010/06/06  (rcs-revision d1a9b48be06d)
)
(C:\CTEX\MiKTeX\tex\latex\beamer\base\beamerbasenotes.sty
Package: beamerbasenotes 2010/05/01  (rcs-revision efa082c6111d)
\beamer@frameboxcopy=\box45
)
(C:\CTEX\MiKTeX\tex\latex\beamer\base\beamerbasetoc.sty
Package: beamerbasetoc 2012/02/28  (rcs-revision 138681b92320)
)
(C:\CTEX\MiKTeX\tex\latex\beamer\base\beamerbasetemplates.sty
Package: beamerbasetemplates 2010/05/01  (rcs-revision efa082c6111d)
\beamer@sbttoks=\toks27

(C:\CTEX\MiKTeX\tex\latex\beamer\base\beamerbaseauxtemplates.sty
Package: beamerbaseauxtemplates 2010/05/01  (rcs-revision efa082c6111d)

(C:\CTEX\MiKTeX\tex\latex\beamer\base\beamerbaseboxes.sty
Package: beamerbaseboxes 2010/05/01  (rcs-revision efa082c6111d)
\bmb@box=\box46
\bmb@colorbox=\box47
\bmb@boxshadow=\box48
\bmb@boxshadowball=\box49
\bmb@boxshadowballlarge=\box50
\bmb@temp=\dimen166
\bmb@dima=\dimen167
\bmb@dimb=\dimen168
\bmb@prevheight=\dimen169
)
\beamer@blockheadheight=\dimen170
))
(C:\CTEX\MiKTeX\tex\latex\beamer\base\beamerbaselocalstructure.sty
Package: beamerbaselocalstructure 2012/02/22  (rcs-revision 2ae76965ffee)

(C:\CTEX\MiKTeX\tex\latex\tools\enumerate.sty
Package: enumerate 1999/03/05 v3.00 enumerate extensions (DPC)
\@enLab=\toks28
)
\c@figure=\count138
\c@table=\count139
\abovecaptionskip=\skip49
\belowcaptionskip=\skip50
)
(C:\CTEX\MiKTeX\tex\latex\beamer\base\beamerbasenavigation.sty
Package: beamerbasenavigation 2010/05/01  (rcs-revision efa082c6111d)
)
(C:\CTEX\MiKTeX\tex\latex\beamer\base\beamerbasetheorems.sty
Package: beamerbasetheorems 2010/06/06  (rcs-revision 7e7cc5e53e9d)

(C:\CTEX\MiKTeX\tex\latex\ams\math\amsmath.sty
Package: amsmath 2000/07/18 v2.13 AMS math features
\@mathmargin=\skip51

For additional information on amsmath, use the `?' option.
(C:\CTEX\MiKTeX\tex\latex\ams\math\amstext.sty
Package: amstext 2000/06/29 v2.01

(C:\CTEX\MiKTeX\tex\latex\ams\math\amsgen.sty
File: amsgen.sty 1999/11/30 v2.0
\@emptytoks=\toks29
\ex@=\dimen171
))
(C:\CTEX\MiKTeX\tex\latex\ams\math\amsbsy.sty
Package: amsbsy 1999/11/29 v1.2d
\pmbraise@=\dimen172
)
(C:\CTEX\MiKTeX\tex\latex\ams\math\amsopn.sty
Package: amsopn 1999/12/14 v2.01 operator names
)
\inf@bad=\count140
LaTeX Info: Redefining \frac on input line 211.
\uproot@=\count141
\leftroot@=\count142
LaTeX Info: Redefining \overline on input line 307.
\classnum@=\count143
\DOTSCASE@=\count144
LaTeX Info: Redefining \ldots on input line 379.
LaTeX Info: Redefining \dots on input line 382.
LaTeX Info: Redefining \cdots on input line 467.
\Mathstrutbox@=\box51
\strutbox@=\box52
\big@size=\dimen173
LaTeX Font Info:    Redeclaring font encoding OML on input line 567.
LaTeX Font Info:    Redeclaring font encoding OMS on input line 568.
\macc@depth=\count145
\c@MaxMatrixCols=\count146
\dotsspace@=\muskip11
\c@parentequation=\count147
\dspbrk@lvl=\count148
\tag@help=\toks30
\row@=\count149
\column@=\count150
\maxfields@=\count151
\andhelp@=\toks31
\eqnshift@=\dimen174
\alignsep@=\dimen175
\tagshift@=\dimen176
\tagwidth@=\dimen177
\totwidth@=\dimen178
\lineht@=\dimen179
\@envbody=\toks32
\multlinegap=\skip52
\multlinetaggap=\skip53
\mathdisplay@stack=\toks33
LaTeX Info: Redefining \[ on input line 2666.
LaTeX Info: Redefining \] on input line 2667.
)
(C:\CTEX\MiKTeX\tex\latex\ams\classes\amsthm.sty
Package: amsthm 2004/08/06 v2.20
\thm@style=\toks34
\thm@bodyfont=\toks35
\thm@headfont=\toks36
\thm@notefont=\toks37
\thm@headpunct=\toks38
\thm@preskip=\skip54
\thm@postskip=\skip55
\thm@headsep=\skip56
\dth@everypar=\toks39
)
\c@theorem=\count152
)
(C:\CTEX\MiKTeX\tex\latex\beamer\base\beamerbasethemes.sty
Package: beamerbasethemes 2010/05/01  (rcs-revision efa082c6111d)
))
(C:\CTEX\MiKTeX\tex\latex\beamer\base\themes\theme\beamerthemedefault.sty
Package: beamerthemedefault 2010/06/17  (rcs-revision d02a7cf4d8ae)

(C:\CTEX\MiKTeX\tex\latex\beamer\base\themes\font\beamerfontthemedefault.sty
Package: beamerfontthemedefault 2010/06/17  (rcs-revision d02a7cf4d8ae)
)
(C:\CTEX\MiKTeX\tex\latex\beamer\base\themes\color\beamercolorthemedefault.sty
Package: beamercolorthemedefault 2010/06/17  (rcs-revision d02a7cf4d8ae)
) (C:\CTEX\MiKTeX\tex\latex\beamer\base\themes\inner\beamerinnerthemedefault.st
y
Package: beamerinnerthemedefault 2010/06/17  (rcs-revision d02a7cf4d8ae)
\beamer@dima=\dimen180
\beamer@dimb=\dimen181
)
(C:\CTEX\MiKTeX\tex\latex\beamer\base\themes\outer\beamerouterthemedefault.sty
Package: beamerouterthemedefault 2010/06/17  (rcs-revision d02a7cf4d8ae)
))) (C:\CTEX\MiKTeX\tex\latex\oberdiek\epstopdf.sty
Package: epstopdf 2010/02/09 v2.5 Conversion with epstopdf on the fly (HO)

(C:\CTEX\MiKTeX\tex\latex\oberdiek\epstopdf-base.sty
Package: epstopdf-base 2010/02/09 v2.5 Base part for package epstopdf

(C:\CTEX\MiKTeX\tex\latex\oberdiek\grfext.sty
Package: grfext 2010/08/19 v1.1 Managing graphics extensions (HO)
)
Package grfext Info: Graphics extension search list:
(grfext)             [.png,.pdf,.jpg,.mps,.jpeg,.jbig2,.jb2,.PNG,.PDF,.JPG,.JPE
G,.JBIG2,.JB2,.eps]
(grfext)             \AppendGraphicsExtensions on input line 452.
))
(C:\CTEX\MiKTeX\tex\latex\fancyhdr\fancyhdr.sty
\fancy@headwidth=\skip57
\f@ncyO@elh=\skip58
\f@ncyO@erh=\skip59
\f@ncyO@olh=\skip60
\f@ncyO@orh=\skip61
\f@ncyO@elf=\skip62
\f@ncyO@erf=\skip63
\f@ncyO@olf=\skip64
\f@ncyO@orf=\skip65
)
(C:\CTEX\MiKTeX\tex\latex\cite\cite.sty
LaTeX Info: Redefining \cite on input line 302.
LaTeX Info: Redefining \nocite on input line 373.
Package: cite 2010/09/10  v 5.3
)
(C:\CTEX\MiKTeX\tex\latex\tools\array.sty
Package: array 2008/09/09 v2.4c Tabular extension package (FMi)
\col@sep=\dimen182
\extrarowheight=\dimen183
\NC@list=\toks40
\extratabsurround=\skip66
\backup@length=\skip67
)
(C:\CTEX\MiKTeX\tex\latex\graphics\epsfig.sty
Package: epsfig 1999/02/16 v1.7a (e)psfig emulation (SPQR)
\epsfxsize=\dimen184
\epsfysize=\dimen185
)
(C:\CTEX\MiKTeX\tex\latex\subfigure\subfigure.sty
Package: subfigure 2002/07/30 v2.1.4 subfigure package
\subfigtopskip=\skip68
\subfigcapskip=\skip69
\subfigcaptopadj=\dimen186
\subfigbottomskip=\skip70
\subfigcapmargin=\dimen187
\subfiglabelskip=\skip71
\c@subfigure=\count153
\c@lofdepth=\count154
\c@subtable=\count155
\c@lotdepth=\count156

****************************************
* Local config file subfigure.cfg used *
****************************************
(C:\CTEX\MiKTeX\tex\latex\subfigure\subfigure.cfg)
\subfig@top=\skip72
\subfig@bottom=\skip73
)
(C:\CTEX\MiKTeX\tex\latex\algorithm2e\algorithm2e.sty
Package: algorithm2e 2008/00/00 v3.10 algorithms environments
\c@AlgoLine=\count157

(C:\CTEX\MiKTeX\tex\latex\base\ifthen.sty
Package: ifthen 2001/05/26 v1.1c Standard LaTeX ifthen package (DPC)
)
(C:\CTEX\MiKTeX\tex\latex\tools\xspace.sty
Package: xspace 2009/10/20 v1.13 Space after command names (DPC,MH)
)
(C:\CTEX\MiKTeX\tex\latex\ltxmisc\relsize.sty
Package: relsize 2003/07/04 ver 3.1
)
********************************************************
Package `algorithm2e' Release 4.01 -- december 14 2009 --
- algorithm2e-announce@lirmm.fr mailing list for announcement about releases
- algorithm2e-discussion@lirmm.fr mailing list for discussion about package
subscribe by emailing sympa@lirmm.fr with 'subscribe <list> <firstname name>'
- Author: Christophe Fiorio (fiorio@lirmm.fr)
********************************************************
\skiptotal=\skip74
\skiplinenumber=\skip75
\skiprule=\skip76
\skiphlne=\skip77
\skiptext=\skip78
\skiplength=\skip79
\algomargin=\skip80
\skipalgocfslide=\skip81
\algowidth=\dimen188
\inoutsize=\dimen189
\inoutline=\dimen190
\interspacetitleruled=\dimen191
\interspacealgoruled=\dimen192
\interspacetitleboxruled=\dimen193
\algocf@inoutbox=\box53
\algocf@inputbox=\box54
\AlCapSkip=\skip82
\AlCapHSkip=\skip83
\algocf@nlbox=\box55
\algocf@hangingbox=\box56
\algocf@capbox=\box57
\algoheightruledefault=\skip84
\algoheightrule=\skip85
\algotitleheightruledefault=\skip86
\algotitleheightrule=\skip87
\c@algocfline=\count158
\c@algocfproc=\count159
\c@algocf=\count160
\algocf@algoframe=\box58
\algocf@algobox=\box59
) (C:\CTEX\MiKTeX\tex\latex\algorithms\algorithmic.sty
Package: algorithmic 2009/08/24 v0.1 Document Style `algorithmic'
\c@ALC@unique=\count161
\c@ALC@line=\count162
\c@ALC@rem=\count163
\c@ALC@depth=\count164
\ALC@tlm=\skip88
\algorithmicindent=\skip89
)
(C:\CTEX\MiKTeX\tex\latex\tools\tabularx.sty
Package: tabularx 1999/01/07 v2.07 `tabularx' package (DPC)
\TX@col@width=\dimen194
\TX@old@table=\dimen195
\TX@old@col=\dimen196
\TX@target=\dimen197
\TX@delta=\dimen198
\TX@cols=\count165
\TX@ftn=\toks41
)
(C:\CTEX\MiKTeX\tex\latex\rotating\rotating.sty
Package: rotating 2009/03/28 v2.16a rotated objects in LaTeX
\c@r@tfl@t=\count166
\rotFPtop=\skip90
\rotFPbot=\skip91
\rot@float@box=\box60
\rot@mess@toks=\toks42
)
(C:\CTEX\MiKTeX\tex\latex\boxedminipage\boxedminipage.sty)
(C:\CTEX\MiKTeX\tex\latex\multirow\multirow.sty
\bigstrutjot=\dimen199
)
(C:\CTEX\MiKTeX\tex\latex\float\float.sty
Package: float 2001/11/08 v1.3d Float enhancements (AL)
\c@float@type=\count167
\float@exts=\toks43
\float@box=\box61
\@float@everytoks=\toks44
\@floatcapt=\box62
)
(C:\CTEX\MiKTeX\tex\latex\wrapfig\wrapfig.sty
\wrapoverhang=\dimen200
\WF@size=\dimen201
\c@WF@wrappedlines=\count168
\WF@box=\box63
\WF@everypar=\toks45
Package: wrapfig 2003/01/31  v 3.6
)
(C:\CTEX\MiKTeX\tex\latex\beamer\base\themes\theme\beamerthemeBoadilla.sty
Package: beamerthemeBoadilla 2010/06/17  (rcs-revision d02a7cf4d8ae)

(C:\CTEX\MiKTeX\tex\latex\beamer\base\themes\color\beamercolorthemerose.sty
Package: beamercolorthemerose 2010/06/17  (rcs-revision d02a7cf4d8ae)
)
(C:\CTEX\MiKTeX\tex\latex\beamer\base\themes\inner\beamerinnerthemerounded.sty
Package: beamerinnerthemerounded 2010/06/17  (rcs-revision d02a7cf4d8ae)
) (C:\CTEX\MiKTeX\tex\latex\beamer\base\themes\color\beamercolorthemedolphin.st
y
Package: beamercolorthemedolphin 2010/06/17  (rcs-revision d02a7cf4d8ae)
)
(C:\CTEX\MiKTeX\tex\latex\beamer\base\themes\outer\beamerouterthemeinfolines.st
y
Package: beamerouterthemeinfolines 2010/07/10  (rcs-revision 445340293dde)
))
(C:\CTEX\MiKTeX\tex\latex\beamer\base\themes\color\beamercolorthemestructure.st
y
Package: beamercolorthemestructure 2010/06/17  (rcs-revision d02a7cf4d8ae)
) (C:\CTEX\MiKTeX\tex\latex\textpos\textpos.sty
Package: textpos 2010/09/30 v1.7g

Package: `textpos' 1.7g <2010 September 30>
\TP@textbox=\box64
\TP@holdbox=\box65
\TPHorizModule=\dimen202
\TPVertModule=\dimen203
\TP@margin=\dimen204
\TP@absmargin=\dimen205
Grid set 16 x 16 = 22.7622pt x 17.07166pt
\TPboxrulesize=\dimen206
\TP@ox=\dimen207
\TP@oy=\dimen208
\TP@tbargs=\toks46
\TP@prevdepth=\dimen209
TextBlockOrigin set to 0pt x 0pt
) (E:\latex-ppt\ssci\ssci_ppt.aux

LaTeX Warning: Label `fig1' multiply defined.

)
LaTeX Font Info:    Checking defaults for OML/cmm/m/it on input line 29.
LaTeX Font Info:    ... okay on input line 29.
LaTeX Font Info:    Checking defaults for T1/cmr/m/n on input line 29.
LaTeX Font Info:    ... okay on input line 29.
LaTeX Font Info:    Checking defaults for OT1/cmr/m/n on input line 29.
LaTeX Font Info:    ... okay on input line 29.
LaTeX Font Info:    Checking defaults for OMS/cmsy/m/n on input line 29.
LaTeX Font Info:    ... okay on input line 29.
LaTeX Font Info:    Checking defaults for OMX/cmex/m/n on input line 29.
LaTeX Font Info:    ... okay on input line 29.
LaTeX Font Info:    Checking defaults for U/cmr/m/n on input line 29.
LaTeX Font Info:    ... okay on input line 29.
LaTeX Font Info:    Checking defaults for PD1/pdf/m/n on input line 29.
LaTeX Font Info:    ... okay on input line 29.

*geometry* driver: auto-detecting
*geometry* detected driver: pdftex
*geometry* verbose mode - [ preamble ] result:
* driver: pdftex
* paper: custom
* layout: <same size as paper>
* layoutoffset:(h,v)=(0.0pt,0.0pt)
* modes: includehead includefoot 
* h-part:(L,W,R)=(10.95003pt, 342.2953pt, 10.95003pt)
* v-part:(T,H,B)=(0.0pt, 273.14662pt, 0.0pt)
* \paperwidth=364.19536pt
* \paperheight=273.14662pt
* \textwidth=342.2953pt
* \textheight=244.6939pt
* \oddsidemargin=-61.31996pt
* \evensidemargin=-61.31996pt
* \topmargin=-72.26999pt
* \headheight=14.22636pt
* \headsep=0.0pt
* \topskip=11.0pt
* \footskip=14.22636pt
* \marginparwidth=4.0pt
* \marginparsep=10.0pt
* \columnsep=10.0pt
* \skip\footins=10.0pt plus 4.0pt minus 2.0pt
* \hoffset=0.0pt
* \voffset=0.0pt
* \mag=1000
* \@twocolumnfalse
* \@twosidefalse
* \@mparswitchfalse
* \@reversemarginfalse
* (1in=72.27pt=25.4mm, 1cm=28.453pt)

(C:\CTEX\MiKTeX\tex\context\base\supp-pdf.mkii
[Loading MPS to PDF converter (version 2006.09.02).]
\scratchcounter=\count169
\scratchdimen=\dimen210
\scratchbox=\box66
\nofMPsegments=\count170
\nofMParguments=\count171
\everyMPshowfont=\toks47
\MPscratchCnt=\count172
\MPscratchDim=\dimen211
\MPnumerator=\count173
\makeMPintoPDFobject=\count174
\everyMPtoPDFconversion=\toks48
) ABD: EveryShipout initializing macros
\AtBeginShipoutBox=\box67
Package hyperref Info: Link coloring OFF on input line 29.

(C:\CTEX\MiKTeX\tex\latex\hyperref\nameref.sty
Package: nameref 2010/04/30 v2.40 Cross-referencing by name of section

(C:\CTEX\MiKTeX\tex\generic\oberdiek\gettitlestring.sty
Package: gettitlestring 2010/12/03 v1.4 Cleanup title references (HO)
)
\c@section@level=\count175
)
LaTeX Info: Redefining \ref on input line 29.
LaTeX Info: Redefining \pageref on input line 29.
LaTeX Info: Redefining \nameref on input line 29.

(E:\latex-ppt\ssci\ssci_ppt.out) (E:\latex-ppt\ssci\ssci_ppt.out)
\@outlinefile=\write5
LaTeX Font Info:    Overwriting symbol font `operators' in version `normal'
(Font)                  OT1/cmr/m/n --> OT1/cmss/m/n on input line 29.
LaTeX Font Info:    Overwriting symbol font `operators' in version `bold'
(Font)                  OT1/cmr/bx/n --> OT1/cmss/bx/n on input line 29.
\symnumbers=\mathgroup6
\sympureletters=\mathgroup7
LaTeX Font Info:    Overwriting math alphabet `\mathrm' in version `normal'
(Font)                  OT1/cmss/m/n --> OT1/cmr/m/n on input line 29.
LaTeX Font Info:    Redeclaring math alphabet \mathbf on input line 29.
LaTeX Font Info:    Overwriting math alphabet `\mathbf' in version `normal'
(Font)                  OT1/cmr/bx/n --> OT1/cmss/bx/n on input line 29.
LaTeX Font Info:    Overwriting math alphabet `\mathbf' in version `bold'
(Font)                  OT1/cmr/bx/n --> OT1/cmss/bx/n on input line 29.
LaTeX Font Info:    Redeclaring math alphabet \mathsf on input line 29.
LaTeX Font Info:    Overwriting math alphabet `\mathsf' in version `normal'
(Font)                  OT1/cmss/m/n --> OT1/cmss/m/n on input line 29.
LaTeX Font Info:    Overwriting math alphabet `\mathsf' in version `bold'
(Font)                  OT1/cmss/bx/n --> OT1/cmss/m/n on input line 29.
LaTeX Font Info:    Redeclaring math alphabet \mathit on input line 29.
LaTeX Font Info:    Overwriting math alphabet `\mathit' in version `normal'
(Font)                  OT1/cmr/m/it --> OT1/cmss/m/it on input line 29.
LaTeX Font Info:    Overwriting math alphabet `\mathit' in version `bold'
(Font)                  OT1/cmr/bx/it --> OT1/cmss/m/it on input line 29.
LaTeX Font Info:    Redeclaring math alphabet \mathtt on input line 29.
LaTeX Font Info:    Overwriting math alphabet `\mathtt' in version `normal'
(Font)                  OT1/cmtt/m/n --> OT1/cmtt/m/n on input line 29.
LaTeX Font Info:    Overwriting math alphabet `\mathtt' in version `bold'
(Font)                  OT1/cmtt/m/n --> OT1/cmtt/m/n on input line 29.
LaTeX Font Info:    Overwriting symbol font `numbers' in version `bold'
(Font)                  OT1/cmss/m/n --> OT1/cmss/bx/n on input line 29.
LaTeX Font Info:    Overwriting symbol font `pureletters' in version `bold'
(Font)                  OT1/cmss/m/it --> OT1/cmss/bx/it on input line 29.
LaTeX Font Info:    Overwriting math alphabet `\mathrm' in version `bold'
(Font)                  OT1/cmss/bx/n --> OT1/cmr/bx/n on input line 29.
LaTeX Font Info:    Overwriting math alphabet `\mathbf' in version `bold'
(Font)                  OT1/cmss/bx/n --> OT1/cmss/bx/n on input line 29.
LaTeX Font Info:    Overwriting math alphabet `\mathsf' in version `bold'
(Font)                  OT1/cmss/m/n --> OT1/cmss/bx/n on input line 29.
LaTeX Font Info:    Overwriting math alphabet `\mathit' in version `bold'
(Font)                  OT1/cmss/m/it --> OT1/cmss/bx/it on input line 29.
LaTeX Font Info:    Overwriting math alphabet `\mathtt' in version `bold'
(Font)                  OT1/cmtt/m/n --> OT1/cmtt/bx/n on input line 29.

(C:\CTEX\MiKTeX\tex\latex\beamer\base\translator\dicts\translator-basic-diction
ary\translator-basic-dictionary-English.dict
Dictionary: translator-basic-dictionary, Language: English 
)
(C:\CTEX\MiKTeX\tex\latex\beamer\base\translator\dicts\translator-bibliography-
dictionary\translator-bibliography-dictionary-English.dict
Dictionary: translator-bibliography-dictionary, Language: English 
)
(C:\CTEX\MiKTeX\tex\latex\beamer\base\translator\dicts\translator-environment-d
ictionary\translator-environment-dictionary-English.dict
Dictionary: translator-environment-dictionary, Language: English 
)
(C:\CTEX\MiKTeX\tex\latex\beamer\base\translator\dicts\translator-months-dictio
nary\translator-months-dictionary-English.dict
Dictionary: translator-months-dictionary, Language: English 
)
(C:\CTEX\MiKTeX\tex\latex\beamer\base\translator\dicts\translator-numbers-dicti
onary\translator-numbers-dictionary-English.dict
Dictionary: translator-numbers-dictionary, Language: English 
)
(C:\CTEX\MiKTeX\tex\latex\beamer\base\translator\dicts\translator-theorem-dicti
onary\translator-theorem-dictionary-English.dict
Dictionary: translator-theorem-dictionary, Language: English 
)
LaTeX Info: Redefining \includegraphics on input line 29.

(E:\latex-ppt\ssci\ssci_ppt.nav)

Package hyperref Warning: Option `pdfauthor' has already been used,
(hyperref)                setting the option has no effect on input line 31.


LaTeX Font Warning: Font shape `OT1/cmss/m/n' in size <4> not available
(Font)              size <5> substituted on input line 37.

<university-logo-ecnu.png, id=27, 205.5178pt x 37.64063pt>
File: university-logo-ecnu.png Graphic file (type png)

<use university-logo-ecnu.png>
Package pdftex.def Info: university-logo-ecnu.png used on input line 37.
(pdftex.def)             Requested size: 85.35728pt x 14.22661pt.
 [1

{C:/CTEX/UserData/pdftex/config/pdftex.map{Unicode.sfd}{UGBK.sfd}} <E:/latex-pp
t/ssci/university-logo-ecnu.png>]
(E:\latex-ppt\ssci\ssci_ppt.toc)
File: university-logo-ecnu.png Graphic file (type png)
 <use university-logo-ecnu.png>
Package pdftex.def Info: university-logo-ecnu.png used on input line 42.
(pdftex.def)             Requested size: 85.35728pt x 14.22661pt.
 [2

]
(E:\latex-ppt\ssci\ssci_ppt.toc)
File: university-logo-ecnu.png Graphic file (type png)
 <use university-logo-ecnu.png>
Package pdftex.def Info: university-logo-ecnu.png used on input line 48.
(pdftex.def)             Requested size: 85.35728pt x 14.22661pt.
 [3

]
LaTeX Font Info:    Try loading font information for U+msa on input line 66.

(C:\CTEX\MiKTeX\tex\latex\amsfonts\umsa.fd
File: umsa.fd 2009/06/22 v3.00 AMS symbols A
)
LaTeX Font Info:    Try loading font information for U+msb on input line 66.

(C:\CTEX\MiKTeX\tex\latex\amsfonts\umsb.fd
File: umsb.fd 2009/06/22 v3.00 AMS symbols B
)
File: university-logo-ecnu.png Graphic file (type png)
 <use university-logo-ecnu.png>
Package pdftex.def Info: university-logo-ecnu.png used on input line 66.
(pdftex.def)             Requested size: 85.35728pt x 14.22661pt.

[4

] <figs/de.png, id=157, 372.64218pt x 350.81062pt>
File: figs/de.png Graphic file (type png)
 <use figs/de.png>
Package pdftex.def Info: figs/de.png used on input line 91.
(pdftex.def)             Requested size: 154.03183pt x 145.00557pt.
File: university-logo-ecnu.png Graphic file (type png)

<use university-logo-ecnu.png>
Package pdftex.def Info: university-logo-ecnu.png used on input line 91.
(pdftex.def)             Requested size: 85.35728pt x 14.22661pt.
 [5

 <E:/latex-ppt/ssci/figs/de.png>]
<figs/eda.png, id=185, 375.65344pt x 255.95625pt>
File: figs/eda.png Graphic file (type png)
 <use figs/eda.png>
Package pdftex.def Info: figs/eda.png used on input line 112.
(pdftex.def)             Requested size: 154.03183pt x 104.95445pt.
File: university-logo-ecnu.png Graphic file (type png)

<use university-logo-ecnu.png>
Package pdftex.def Info: university-logo-ecnu.png used on input line 112.
(pdftex.def)             Requested size: 85.35728pt x 14.22661pt.
 [6

 <E:/latex-ppt/ssci/figs/eda.png>]
(E:\latex-ppt\ssci\ssci_ppt.toc)
File: university-logo-ecnu.png Graphic file (type png)
 <use university-logo-ecnu.png>
Package pdftex.def Info: university-logo-ecnu.png used on input line 119.
(pdftex.def)             Requested size: 85.35728pt x 14.22661pt.
 [7

]
<figs/de-eig.png, id=244, 381.67593pt x 546.54187pt>
File: figs/de-eig.png Graphic file (type png)
 <use figs/de-eig.png>
Package pdftex.def Info: figs/de-eig.png used on input line 135.
(pdftex.def)             Requested size: 136.91862pt x 196.0544pt.

Overfull \vbox (10.4479pt too high) detected at line 135
 []

File: university-logo-ecnu.png Graphic file (type png)
<use university-logo-ecnu.png>
Package pdftex.def Info: university-logo-ecnu.png used on input line 135.
(pdftex.def)             Requested size: 85.35728pt x 14.22661pt.
 [8

 <E:/latex-ppt/ssci/figs/de-eig.png>]
<figs/deeda.png, id=272, 373.395pt x 390.70969pt>
File: figs/deeda.png Graphic file (type png)
 <use figs/deeda.png>
Package pdftex.def Info: figs/deeda.png used on input line 151.
(pdftex.def)             Requested size: 136.91862pt x 143.26662pt.
File: university-logo-ecnu.png Graphic file (type png)

<use university-logo-ecnu.png>
Package pdftex.def Info: university-logo-ecnu.png used on input line 151.
(pdftex.def)             Requested size: 85.35728pt x 14.22661pt.
 [9

 <E:/latex-ppt/ssci/figs/deeda.png>]
<figs/deeda-eig.png, id=299, 377.91188pt x 420.06938pt>
File: figs/deeda-eig.png Graphic file (type png)

<use figs/deeda-eig.png>
Package pdftex.def Info: figs/deeda-eig.png used on input line 167.
(pdftex.def)             Requested size: 136.91862pt x 152.19273pt.
File: university-logo-ecnu.png Graphic file (type png)
 <use university-logo-ecnu.png>
Package pdftex.def Info: university-logo-ecnu.png used on input line 167.
(pdftex.def)             Requested size: 85.35728pt x 14.22661pt.
 [10

 <E:/latex-ppt/ssci/figs/deeda-eig.png>] (E:\latex-ppt\ssci\ssci_ppt.toc)
File: university-logo-ecnu.png Graphic file (type png)

<use university-logo-ecnu.png>
Package pdftex.def Info: university-logo-ecnu.png used on input line 175.
(pdftex.def)             Requested size: 85.35728pt x 14.22661pt.
 [11

]
File: university-logo-ecnu.png Graphic file (type png)
 <use university-logo-ecnu.png>
Package pdftex.def Info: university-logo-ecnu.png used on input line 188.
(pdftex.def)             Requested size: 85.35728pt x 14.22661pt.
 [12

]
<figs/tab1.jpg, id=383, 607.51968pt x 453.19313pt>
File: figs/tab1.jpg Graphic file (type jpg)
 <use figs/tab1.jpg>
Package pdftex.def Info: figs/tab1.jpg used on input line 195.
(pdftex.def)             Requested size: 273.83728pt x 204.28078pt.
File: university-logo-ecnu.png Graphic file (type png)

<use university-logo-ecnu.png>
Package pdftex.def Info: university-logo-ecnu.png used on input line 195.
(pdftex.def)             Requested size: 85.35728pt x 14.22661pt.
 [13

 <E:/latex-ppt/ssci/figs/tab1.jpg>]
Package epstopdf Info: Source file: <figs/f1.eps>
(epstopdf)                    date: 2016-10-17 12:14:36
(epstopdf)                    size: 19149 bytes
(epstopdf)             Output file: <figs/f1-eps-converted-to.pdf>
(epstopdf)                    date: 2016-11-30 09:20:09
(epstopdf)                    size: 8389 bytes
(epstopdf)             Command: <epstopdf --outfile=figs/f1-eps-converted-to.pd
f figs/f1.eps>
(epstopdf)             \includegraphics on input line 210.
Package epstopdf Info: Output file is already uptodate.

<figs/f1-eps-converted-to.pdf, id=411, 506.89375pt x 408.52625pt>
File: figs/f1-eps-converted-to.pdf Graphic file (type pdf)

<use figs/f1-eps-converted-to.pdf>
Package pdftex.def Info: figs/f1-eps-converted-to.pdf used on input line 210.
(pdftex.def)             Requested size: 85.57382pt x 68.96231pt.
Package epstopdf Info: Source file: <figs/f2.eps>
(epstopdf)                    date: 2016-10-17 12:14:38
(epstopdf)                    size: 19134 bytes
(epstopdf)             Output file: <figs/f2-eps-converted-to.pdf>
(epstopdf)                    date: 2016-11-30 09:20:10
(epstopdf)                    size: 8333 bytes
(epstopdf)             Command: <epstopdf --outfile=figs/f2-eps-converted-to.pd
f figs/f2.eps>
(epstopdf)             \includegraphics on input line 210.
Package epstopdf Info: Output file is already uptodate.

<figs/f2-eps-converted-to.pdf, id=412, 502.87875pt x 408.52625pt>
File: figs/f2-eps-converted-to.pdf Graphic file (type pdf)

<use figs/f2-eps-converted-to.pdf>
Package pdftex.def Info: figs/f2-eps-converted-to.pdf used on input line 210.
(pdftex.def)             Requested size: 85.57382pt x 69.5171pt.
Package epstopdf Info: Source file: <figs/f3.eps>
(epstopdf)                    date: 2016-10-17 12:14:38
(epstopdf)                    size: 18385 bytes
(epstopdf)             Output file: <figs/f3-eps-converted-to.pdf>
(epstopdf)                    date: 2016-11-30 09:20:11
(epstopdf)                    size: 8093 bytes
(epstopdf)             Command: <epstopdf --outfile=figs/f3-eps-converted-to.pd
f figs/f3.eps>
(epstopdf)             \includegraphics on input line 210.
Package epstopdf Info: Output file is already uptodate.

<figs/f3-eps-converted-to.pdf, id=413, 502.87875pt x 408.52625pt>
File: figs/f3-eps-converted-to.pdf Graphic file (type pdf)

<use figs/f3-eps-converted-to.pdf>
Package pdftex.def Info: figs/f3-eps-converted-to.pdf used on input line 210.
(pdftex.def)             Requested size: 85.57382pt x 69.5171pt.
Package epstopdf Info: Source file: <figs/f4.eps>
(epstopdf)                    date: 2016-10-17 12:14:38
(epstopdf)                    size: 16304 bytes
(epstopdf)             Output file: <figs/f4-eps-converted-to.pdf>
(epstopdf)                    date: 2016-11-30 09:20:12
(epstopdf)                    size: 8027 bytes
(epstopdf)             Command: <epstopdf --outfile=figs/f4-eps-converted-to.pd
f figs/f4.eps>
(epstopdf)             \includegraphics on input line 210.
Package epstopdf Info: Output file is already uptodate.

<figs/f4-eps-converted-to.pdf, id=414, 502.87875pt x 408.52625pt>
File: figs/f4-eps-converted-to.pdf Graphic file (type pdf)

<use figs/f4-eps-converted-to.pdf>
Package pdftex.def Info: figs/f4-eps-converted-to.pdf used on input line 210.
(pdftex.def)             Requested size: 85.57382pt x 69.5171pt.
Package epstopdf Info: Source file: <figs/f5.eps>
(epstopdf)                    date: 2016-10-17 12:14:38
(epstopdf)                    size: 18403 bytes
(epstopdf)             Output file: <figs/f5-eps-converted-to.pdf>
(epstopdf)                    date: 2016-11-30 09:20:13
(epstopdf)                    size: 8072 bytes
(epstopdf)             Command: <epstopdf --outfile=figs/f5-eps-converted-to.pd
f figs/f5.eps>
(epstopdf)             \includegraphics on input line 210.
Package epstopdf Info: Output file is already uptodate.

<figs/f5-eps-converted-to.pdf, id=415, 502.87875pt x 408.52625pt>
File: figs/f5-eps-converted-to.pdf Graphic file (type pdf)

<use figs/f5-eps-converted-to.pdf>
Package pdftex.def Info: figs/f5-eps-converted-to.pdf used on input line 210.
(pdftex.def)             Requested size: 85.57382pt x 69.5171pt.
Package epstopdf Info: Source file: <figs/f7.eps>
(epstopdf)                    date: 2016-10-17 12:14:38
(epstopdf)                    size: 16090 bytes
(epstopdf)             Output file: <figs/f7-eps-converted-to.pdf>
(epstopdf)                    date: 2016-11-30 09:20:14
(epstopdf)                    size: 8630 bytes
(epstopdf)             Command: <epstopdf --outfile=figs/f7-eps-converted-to.pd
f figs/f7.eps>
(epstopdf)             \includegraphics on input line 210.
Package epstopdf Info: Output file is already uptodate.

<figs/f7-eps-converted-to.pdf, id=416, 498.86375pt x 408.52625pt>
File: figs/f7-eps-converted-to.pdf Graphic file (type pdf)

<use figs/f7-eps-converted-to.pdf>
Package pdftex.def Info: figs/f7-eps-converted-to.pdf used on input line 210.
(pdftex.def)             Requested size: 85.57382pt x 70.0719pt.
File: university-logo-ecnu.png Graphic file (type png)
 <use university-logo-ecnu.png>
Package pdftex.def Info: university-logo-ecnu.png used on input line 210.
(pdftex.def)             Requested size: 85.35728pt x 14.22661pt.
 [14

 <E:/latex-ppt/ssci/figs/f1-eps-converted-to.pdf> <E:/latex-ppt/ssci/figs/f2-ep
s-converted-to.pdf> <E:/latex-ppt/ssci/figs/f3-eps-converted-to.pdf> <E:/latex-
ppt/ssci/figs/f4-eps-converted-to.pdf> <E:/latex-ppt/ssci/figs/f5-eps-converted
-to.pdf> <E:/latex-ppt/ssci/figs/f7-eps-converted-to.pdf>]
Package epstopdf Info: Source file: <figs/f8.eps>
(epstopdf)                    date: 2016-10-17 12:14:38
(epstopdf)                    size: 14643 bytes
(epstopdf)             Output file: <figs/f8-eps-converted-to.pdf>
(epstopdf)                    date: 2016-11-30 09:20:34
(epstopdf)                    size: 8341 bytes
(epstopdf)             Command: <epstopdf --outfile=figs/f8-eps-converted-to.pd
f figs/f8.eps>
(epstopdf)             \includegraphics on input line 225.
Package epstopdf Info: Output file is already uptodate.

<figs/f8-eps-converted-to.pdf, id=481, 494.84875pt x 408.52625pt>
File: figs/f8-eps-converted-to.pdf Graphic file (type pdf)

<use figs/f8-eps-converted-to.pdf>
Package pdftex.def Info: figs/f8-eps-converted-to.pdf used on input line 225.
(pdftex.def)             Requested size: 85.57382pt x 70.64539pt.
Package epstopdf Info: Source file: <figs/f9.eps>
(epstopdf)                    date: 2016-10-17 12:14:40
(epstopdf)                    size: 19405 bytes
(epstopdf)             Output file: <figs/f9-eps-converted-to.pdf>
(epstopdf)                    date: 2016-11-30 09:20:35
(epstopdf)                    size: 8284 bytes
(epstopdf)             Command: <epstopdf --outfile=figs/f9-eps-converted-to.pd
f figs/f9.eps>
(epstopdf)             \includegraphics on input line 225.
Package epstopdf Info: Output file is already uptodate.

<figs/f9-eps-converted-to.pdf, id=482, 502.87875pt x 408.52625pt>
File: figs/f9-eps-converted-to.pdf Graphic file (type pdf)

<use figs/f9-eps-converted-to.pdf>
Package pdftex.def Info: figs/f9-eps-converted-to.pdf used on input line 225.
(pdftex.def)             Requested size: 85.57382pt x 69.5171pt.
Package epstopdf Info: Source file: <figs/f10.eps>
(epstopdf)                    date: 2016-10-17 12:14:36
(epstopdf)                    size: 19087 bytes
(epstopdf)             Output file: <figs/f10-eps-converted-to.pdf>
(epstopdf)                    date: 2016-11-30 09:20:36
(epstopdf)                    size: 8085 bytes
(epstopdf)             Command: <epstopdf --outfile=figs/f10-eps-converted-to.p
df figs/f10.eps>
(epstopdf)             \includegraphics on input line 225.
Package epstopdf Info: Output file is already uptodate.

<figs/f10-eps-converted-to.pdf, id=483, 502.87875pt x 408.52625pt>
File: figs/f10-eps-converted-to.pdf Graphic file (type pdf)

<use figs/f10-eps-converted-to.pdf>
Package pdftex.def Info: figs/f10-eps-converted-to.pdf used on input line 225.
(pdftex.def)             Requested size: 85.57382pt x 69.5171pt.
Package epstopdf Info: Source file: <figs/f11.eps>
(epstopdf)                    date: 2016-10-17 12:14:36
(epstopdf)                    size: 17801 bytes
(epstopdf)             Output file: <figs/f11-eps-converted-to.pdf>
(epstopdf)                    date: 2016-11-30 09:20:36
(epstopdf)                    size: 6966 bytes
(epstopdf)             Command: <epstopdf --outfile=figs/f11-eps-converted-to.p
df figs/f11.eps>
(epstopdf)             \includegraphics on input line 225.
Package epstopdf Info: Output file is already uptodate.

<figs/f11-eps-converted-to.pdf, id=484, 502.87875pt x 408.52625pt>
File: figs/f11-eps-converted-to.pdf Graphic file (type pdf)

<use figs/f11-eps-converted-to.pdf>
Package pdftex.def Info: figs/f11-eps-converted-to.pdf used on input line 225.
(pdftex.def)             Requested size: 85.57382pt x 69.5171pt.
Package epstopdf Info: Source file: <figs/f12.eps>
(epstopdf)                    date: 2016-10-17 12:14:36
(epstopdf)                    size: 19092 bytes
(epstopdf)             Output file: <figs/f12-eps-converted-to.pdf>
(epstopdf)                    date: 2016-11-30 09:20:37
(epstopdf)                    size: 7772 bytes
(epstopdf)             Command: <epstopdf --outfile=figs/f12-eps-converted-to.p
df figs/f12.eps>
(epstopdf)             \includegraphics on input line 225.
Package epstopdf Info: Output file is already uptodate.

<figs/f12-eps-converted-to.pdf, id=485, 502.87875pt x 408.52625pt>
File: figs/f12-eps-converted-to.pdf Graphic file (type pdf)

<use figs/f12-eps-converted-to.pdf>
Package pdftex.def Info: figs/f12-eps-converted-to.pdf used on input line 225.
(pdftex.def)             Requested size: 85.57382pt x 69.5171pt.
Package epstopdf Info: Source file: <figs/f13.eps>
(epstopdf)                    date: 2016-10-17 12:14:36
(epstopdf)                    size: 19095 bytes
(epstopdf)             Output file: <figs/f13-eps-converted-to.pdf>
(epstopdf)                    date: 2016-11-30 09:20:38
(epstopdf)                    size: 7744 bytes
(epstopdf)             Command: <epstopdf --outfile=figs/f13-eps-converted-to.p
df figs/f13.eps>
(epstopdf)             \includegraphics on input line 225.
Package epstopdf Info: Output file is already uptodate.

<figs/f13-eps-converted-to.pdf, id=486, 502.87875pt x 408.52625pt>
File: figs/f13-eps-converted-to.pdf Graphic file (type pdf)

<use figs/f13-eps-converted-to.pdf>
Package pdftex.def Info: figs/f13-eps-converted-to.pdf used on input line 225.
(pdftex.def)             Requested size: 85.57382pt x 69.5171pt.
pdfTeX warning (ext4): destination with the same identifier (name{fig1}) has be
en already used, duplicate ignored
<to be read again> 
                   \relax 
l.225     \end{frame}
                     
File: university-logo-ecnu.png Graphic file (type png)
 <use university-logo-ecnu.png>
Package pdftex.def Info: university-logo-ecnu.png used on input line 225.
(pdftex.def)             Requested size: 85.35728pt x 14.22661pt.
 [15

 <E:/latex-ppt/ssci/figs/f8-eps-converted-to.pdf> <E:/latex-ppt/ssci/figs/f9-ep
s-converted-to.pdf> <E:/latex-ppt/ssci/figs/f10-eps-converted-to.pdf> <E:/latex
-ppt/ssci/figs/f11-eps-converted-to.pdf> <E:/latex-ppt/ssci/figs/f12-eps-conver
ted-to.pdf> <E:/latex-ppt/ssci/figs/f13-eps-converted-to.pdf>] (E:\latex-ppt\ss
ci\ssci_ppt.toc)
File: university-logo-ecnu.png Graphic file (type png)

<use university-logo-ecnu.png>
Package pdftex.def Info: university-logo-ecnu.png used on input line 231.
(pdftex.def)             Requested size: 85.35728pt x 14.22661pt.
 [16

]
File: university-logo-ecnu.png Graphic file (type png)
 <use university-logo-ecnu.png>
Package pdftex.def Info: university-logo-ecnu.png used on input line 240.
(pdftex.def)             Requested size: 85.35728pt x 14.22661pt.
 [17

]
File: university-logo-ecnu.png Graphic file (type png)

<use university-logo-ecnu.png>
Package pdftex.def Info: university-logo-ecnu.png used on input line 245.
(pdftex.def)             Requested size: 85.35728pt x 14.22661pt.
 [18

]

LaTeX Font Warning: Font shape `OT1/cmss/m/n' in size <60> not available
(Font)              size <51.59> substituted on input line 259.

File: university-logo-ecnu.png Graphic file (type png)
<use university-logo-ecnu.png>
Package pdftex.def Info: university-logo-ecnu.png used on input line 259.
(pdftex.def)             Requested size: 85.35728pt x 14.22661pt.
 [19

]
\tf@nav=\write6
\tf@toc=\write7
\tf@snm=\write8
Package atveryend Info: Empty hook `BeforeClearDocument' on input line 260.
Package atveryend Info: Empty hook `AfterLastShipout' on input line 260.
 (E:\latex-ppt\ssci\ssci_ppt.aux)
Package atveryend Info: Executing hook `AtVeryEndDocument' on input line 260.
Package atveryend Info: Executing hook `AtEndAfterFileList' on input line 260.
Package rerunfilecheck Info: File `ssci_ppt.out' has not changed.
(rerunfilecheck)             Checksum: EFF5FA987EA02C7E41DFB652D6DF84E5;209.


LaTeX Font Warning: Size substitutions with differences
(Font)              up to 8.41pt have occurred.


LaTeX Warning: There were multiply-defined labels.

 ) 
Here is how much of TeX's memory you used:
 17817 strings out of 495354
 318869 string characters out of 3183859
 419271 words of memory out of 3000000
 20459 multiletter control sequences out of 15000+200000
 15835 words of font info for 59 fonts, out of 3000000 for 9000
 14 hyphenation exceptions out of 8191
 49i,16n,53p,446b,655s stack positions out of 5000i,500n,10000p,200000b,50000s
<C:/CTEX/MiKTeX/fonts/type1/public/amsfonts/cm/cmmi10.pfb><C:/CTEX/MiKTeX/fon
ts/type1/public/amsfonts/cm/cmmi7.pfb><C:/CTEX/MiKTeX/fonts/type1/public/amsfon
ts/cm/cmss10.pfb><C:/CTEX/MiKTeX/fonts/type1/public/amsfonts/cm/cmss12.pfb><C:/
CTEX/MiKTeX/fonts/type1/public/amsfonts/cm/cmss17.pfb><C:/CTEX/MiKTeX/fonts/typ
e1/public/amsfonts/cm/cmss8.pfb><C:/CTEX/MiKTeX/fonts/type1/public/amsfonts/cm/
cmss9.pfb><C:/CTEX/MiKTeX/fonts/type1/public/amsfonts/cm/cmssi10.pfb><C:/CTEX/M
iKTeX/fonts/type1/public/amsfonts/cm/cmssi8.pfb><C:/CTEX/MiKTeX/fonts/type1/pub
lic/amsfonts/cm/cmssi9.pfb><C:/CTEX/MiKTeX/fonts/type1/public/amsfonts/cm/cmsy1
0.pfb>
Output written on ssci_ppt.pdf (19 pages, 603349 bytes).
PDF statistics:
 705 PDF objects out of 1000 (max. 8388607)
 46 named destinations out of 1000 (max. 500000)
 160 words of extra memory for PDF output out of 10000 (max. 10000000)

